-------------------------------------------------------------------------------
Test set: fr.miage.BoardTest
-------------------------------------------------------------------------------
Tests run: 20, Failures: 0, Errors: 19, Skipped: 0, Time elapsed: 0.127 sec <<< FAILURE! - in fr.miage.BoardTest
testTwoIterationOfTheGameWithBlinker(fr.miage.BoardTest)  Time elapsed: 0.017 sec  <<< ERROR!
kotlin.NotImplementedError: An operation is not implemented.
	at fr.miage.game.Board.<init>(Board.kt:21)
	at fr.miage.BoardTest.testTwoIterationOfTheGameWithBlinker(BoardTest.kt:64)

testOneCellAlive(fr.miage.BoardTest)  Time elapsed: 0.001 sec  <<< ERROR!
kotlin.NotImplementedError: An operation is not implemented.
	at fr.miage.game.Board.<init>(Board.kt:21)
	at fr.miage.BoardTest.testOneCellAlive(BoardTest.kt:209)

testOneIterationOfTheGameWithStableStructure(fr.miage.BoardTest)  Time elapsed: 0 sec  <<< ERROR!
kotlin.NotImplementedError: An operation is not implemented.
	at fr.miage.game.Board.<init>(Board.kt:21)
	at fr.miage.BoardTest.testOneIterationOfTheGameWithStableStructure(BoardTest.kt:22)

testSeveralIterationOfTheGameWithStableStructure(fr.miage.BoardTest)  Time elapsed: 0 sec  <<< ERROR!
kotlin.NotImplementedError: An operation is not implemented.
	at fr.miage.game.Board.<init>(Board.kt:21)
	at fr.miage.BoardTest.testSeveralIterationOfTheGameWithStableStructure(BoardTest.kt:40)

testAllCellsAreAlive(fr.miage.BoardTest)  Time elapsed: 0.001 sec  <<< ERROR!
kotlin.NotImplementedError: An operation is not implemented.
	at fr.miage.game.Board.<init>(Board.kt:21)
	at fr.miage.BoardTest.testAllCellsAreAlive(BoardTest.kt:226)

testDifferenceBetweenCells1(fr.miage.BoardTest)  Time elapsed: 0 sec  <<< ERROR!
kotlin.NotImplementedError: An operation is not implemented.
	at fr.miage.game.Board.<init>(Board.kt:21)
	at fr.miage.BoardTest.testDifferenceBetweenCells1(BoardTest.kt:245)

testDifferenceBetweenCells2(fr.miage.BoardTest)  Time elapsed: 0.001 sec  <<< ERROR!
kotlin.NotImplementedError: An operation is not implemented.
	at fr.miage.game.Board.<init>(Board.kt:21)
	at fr.miage.BoardTest.testDifferenceBetweenCells2(BoardTest.kt:259)

testDifferenceBetweenCells3(fr.miage.BoardTest)  Time elapsed: 0 sec  <<< ERROR!
kotlin.NotImplementedError: An operation is not implemented.
	at fr.miage.game.Board.<init>(Board.kt:21)
	at fr.miage.BoardTest.testDifferenceBetweenCells3(BoardTest.kt:273)

testGetNextStateAliveAnd4Neighbors(fr.miage.BoardTest)  Time elapsed: 0 sec  <<< ERROR!
kotlin.NotImplementedError: An operation is not implemented.
	at fr.miage.BoardTest.testGetNextStateAliveAnd4Neighbors(BoardTest.kt:178)

testGetNextStateDeadAnd0Neighbor(fr.miage.BoardTest)  Time elapsed: 0.001 sec  <<< ERROR!
kotlin.NotImplementedError: An operation is not implemented.
	at fr.miage.BoardTest.testGetNextStateDeadAnd0Neighbor(BoardTest.kt:130)

testGetNextStateAliveAnd3Neighbors(fr.miage.BoardTest)  Time elapsed: 0 sec  <<< ERROR!
kotlin.NotImplementedError: An operation is not implemented.
	at fr.miage.BoardTest.testGetNextStateAliveAnd3Neighbors(BoardTest.kt:166)

testGetNextStateDeadAnd4Neighbors(fr.miage.BoardTest)  Time elapsed: 0 sec  <<< ERROR!
kotlin.NotImplementedError: An operation is not implemented.
	at fr.miage.BoardTest.testGetNextStateDeadAnd4Neighbors(BoardTest.kt:160)

testGetNextStateAliveAnd2Neighbors(fr.miage.BoardTest)  Time elapsed: 0 sec  <<< ERROR!
kotlin.NotImplementedError: An operation is not implemented.
	at fr.miage.BoardTest.testGetNextStateAliveAnd2Neighbors(BoardTest.kt:148)

testGetNextStateDeadAnd3Neighbors(fr.miage.BoardTest)  Time elapsed: 0 sec  <<< ERROR!
kotlin.NotImplementedError: An operation is not implemented.
	at fr.miage.BoardTest.testGetNextStateDeadAnd3Neighbors(BoardTest.kt:172)

testGetNextStateAliveAnd1Neighbour(fr.miage.BoardTest)  Time elapsed: 0 sec  <<< ERROR!
kotlin.NotImplementedError: An operation is not implemented.
	at fr.miage.BoardTest.testGetNextStateAliveAnd1Neighbour(BoardTest.kt:136)

testGetNextStateDeadAnd2Neighbors(fr.miage.BoardTest)  Time elapsed: 0 sec  <<< ERROR!
kotlin.NotImplementedError: An operation is not implemented.
	at fr.miage.BoardTest.testGetNextStateDeadAnd2Neighbors(BoardTest.kt:154)

testGetNextStateDeadAnd1Neighbour(fr.miage.BoardTest)  Time elapsed: 0.001 sec  <<< ERROR!
kotlin.NotImplementedError: An operation is not implemented.
	at fr.miage.BoardTest.testGetNextStateDeadAnd1Neighbour(BoardTest.kt:142)

testGetNextStateAliveAnd0Neighbor(fr.miage.BoardTest)  Time elapsed: 0 sec  <<< ERROR!
kotlin.NotImplementedError: An operation is not implemented.
	at fr.miage.game.Board.<init>(Board.kt:21)
	at fr.miage.BoardTest.testGetNextStateAliveAnd0Neighbor(BoardTest.kt:118)

testGetNeighbors(fr.miage.BoardTest)  Time elapsed: 0 sec  <<< ERROR!
kotlin.NotImplementedError: An operation is not implemented.
	at fr.miage.game.Board.<init>(Board.kt:21)
	at fr.miage.BoardTest.testGetNeighbors(BoardTest.kt:194)

