<?xml version="1.0" encoding="UTF-8"?>
<testsuite name="fr.miage.BoardTest" time="0.028" tests="20" errors="19" skipped="0" failures="0">
  <properties>
[...]
</properties>
  <testcase name="testTwoIterationOfTheGameWithBlinker" classname="fr.miage.BoardTest" time="0.017">
    <error message="An operation is not implemented." type="kotlin.NotImplementedError"><![CDATA[kotlin.NotImplementedError: An operation is not implemented.
	at fr.miage.game.Board.<init>(Board.kt:21)
	at fr.miage.BoardTest.testTwoIterationOfTheGameWithBlinker(BoardTest.kt:64)
]]></error>
  </testcase>
  <testcase name="testNoCellAlive" classname="fr.miage.BoardTest" time="0.006"/>
  <testcase name="testOneCellAlive" classname="fr.miage.BoardTest" time="0.001">
    <error message="An operation is not implemented." type="kotlin.NotImplementedError"><![CDATA[kotlin.NotImplementedError: An operation is not implemented.
	at fr.miage.game.Board.<init>(Board.kt:21)
	at fr.miage.BoardTest.testOneCellAlive(BoardTest.kt:209)
]]></error>
  </testcase>
  <testcase name="testOneIterationOfTheGameWithStableStructure" classname="fr.miage.BoardTest" time="0">
    <error message="An operation is not implemented." type="kotlin.NotImplementedError"><![CDATA[kotlin.NotImplementedError: An operation is not implemented.
	at fr.miage.game.Board.<init>(Board.kt:21)
	at fr.miage.BoardTest.testOneIterationOfTheGameWithStableStructure(BoardTest.kt:22)
]]></error>
  </testcase>
  <testcase name="testSeveralIterationOfTheGameWithStableStructure" classname="fr.miage.BoardTest" time="0">
    <error message="An operation is not implemented." type="kotlin.NotImplementedError"><![CDATA[kotlin.NotImplementedError: An operation is not implemented.
	at fr.miage.game.Board.<init>(Board.kt:21)
	at fr.miage.BoardTest.testSeveralIterationOfTheGameWithStableStructure(BoardTest.kt:40)
]]></error>
  </testcase>
  <testcase name="testAllCellsAreAlive" classname="fr.miage.BoardTest" time="0.001">
    <error message="An operation is not implemented." type="kotlin.NotImplementedError"><![CDATA[kotlin.NotImplementedError: An operation is not implemented.
	at fr.miage.game.Board.<init>(Board.kt:21)
	at fr.miage.BoardTest.testAllCellsAreAlive(BoardTest.kt:226)
]]></error>
  </testcase>
  <testcase name="testDifferenceBetweenCells1" classname="fr.miage.BoardTest" time="0">
    <error message="An operation is not implemented." type="kotlin.NotImplementedError"><![CDATA[kotlin.NotImplementedError: An operation is not implemented.
	at fr.miage.game.Board.<init>(Board.kt:21)
	at fr.miage.BoardTest.testDifferenceBetweenCells1(BoardTest.kt:245)
]]></error>
  </testcase>
  <testcase name="testDifferenceBetweenCells2" classname="fr.miage.BoardTest" time="0.001">
    <error message="An operation is not implemented." type="kotlin.NotImplementedError"><![CDATA[kotlin.NotImplementedError: An operation is not implemented.
	at fr.miage.game.Board.<init>(Board.kt:21)
	at fr.miage.BoardTest.testDifferenceBetweenCells2(BoardTest.kt:259)
]]></error>
  </testcase>
  <testcase name="testDifferenceBetweenCells3" classname="fr.miage.BoardTest" time="0">
    <error message="An operation is not implemented." type="kotlin.NotImplementedError"><![CDATA[kotlin.NotImplementedError: An operation is not implemented.
	at fr.miage.game.Board.<init>(Board.kt:21)
	at fr.miage.BoardTest.testDifferenceBetweenCells3(BoardTest.kt:273)
]]></error>
  </testcase>
  <testcase name="testGetNextStateAliveAnd4Neighbors" classname="fr.miage.BoardTest" time="0">
    <error message="An operation is not implemented." type="kotlin.NotImplementedError">kotlin.NotImplementedError: An operation is not implemented.
	at fr.miage.BoardTest.testGetNextStateAliveAnd4Neighbors(BoardTest.kt:178)
</error>
  </testcase>
  <testcase name="testGetNextStateDeadAnd0Neighbor" classname="fr.miage.BoardTest" time="0.001">
    <error message="An operation is not implemented." type="kotlin.NotImplementedError">kotlin.NotImplementedError: An operation is not implemented.
	at fr.miage.BoardTest.testGetNextStateDeadAnd0Neighbor(BoardTest.kt:130)
</error>
  </testcase>
  <testcase name="testGetNextStateAliveAnd3Neighbors" classname="fr.miage.BoardTest" time="0">
    <error message="An operation is not implemented." type="kotlin.NotImplementedError">kotlin.NotImplementedError: An operation is not implemented.
	at fr.miage.BoardTest.testGetNextStateAliveAnd3Neighbors(BoardTest.kt:166)
</error>
  </testcase>
  <testcase name="testGetNextStateDeadAnd4Neighbors" classname="fr.miage.BoardTest" time="0">
    <error message="An operation is not implemented." type="kotlin.NotImplementedError">kotlin.NotImplementedError: An operation is not implemented.
	at fr.miage.BoardTest.testGetNextStateDeadAnd4Neighbors(BoardTest.kt:160)
</error>
  </testcase>
  <testcase name="testGetNextStateAliveAnd2Neighbors" classname="fr.miage.BoardTest" time="0">
    <error message="An operation is not implemented." type="kotlin.NotImplementedError">kotlin.NotImplementedError: An operation is not implemented.
	at fr.miage.BoardTest.testGetNextStateAliveAnd2Neighbors(BoardTest.kt:148)
</error>
  </testcase>
  <testcase name="testGetNextStateDeadAnd3Neighbors" classname="fr.miage.BoardTest" time="0">
    <error message="An operation is not implemented." type="kotlin.NotImplementedError">kotlin.NotImplementedError: An operation is not implemented.
	at fr.miage.BoardTest.testGetNextStateDeadAnd3Neighbors(BoardTest.kt:172)
</error>
  </testcase>
  <testcase name="testGetNextStateAliveAnd1Neighbour" classname="fr.miage.BoardTest" time="0">
    <error message="An operation is not implemented." type="kotlin.NotImplementedError">kotlin.NotImplementedError: An operation is not implemented.
	at fr.miage.BoardTest.testGetNextStateAliveAnd1Neighbour(BoardTest.kt:136)
</error>
  </testcase>
  <testcase name="testGetNextStateDeadAnd2Neighbors" classname="fr.miage.BoardTest" time="0">
    <error message="An operation is not implemented." type="kotlin.NotImplementedError">kotlin.NotImplementedError: An operation is not implemented.
	at fr.miage.BoardTest.testGetNextStateDeadAnd2Neighbors(BoardTest.kt:154)
</error>
  </testcase>
  <testcase name="testGetNextStateDeadAnd1Neighbour" classname="fr.miage.BoardTest" time="0.001">
    <error message="An operation is not implemented." type="kotlin.NotImplementedError">kotlin.NotImplementedError: An operation is not implemented.
	at fr.miage.BoardTest.testGetNextStateDeadAnd1Neighbour(BoardTest.kt:142)
</error>
  </testcase>
  <testcase name="testGetNextStateAliveAnd0Neighbor" classname="fr.miage.BoardTest" time="0">
    <error message="An operation is not implemented." type="kotlin.NotImplementedError"><![CDATA[kotlin.NotImplementedError: An operation is not implemented.
	at fr.miage.game.Board.<init>(Board.kt:21)
	at fr.miage.BoardTest.testGetNextStateAliveAnd0Neighbor(BoardTest.kt:118)
]]></error>
  </testcase>
  <testcase name="testGetNeighbors" classname="fr.miage.BoardTest" time="0">
    <error message="An operation is not implemented." type="kotlin.NotImplementedError"><![CDATA[kotlin.NotImplementedError: An operation is not implemented.
	at fr.miage.game.Board.<init>(Board.kt:21)
	at fr.miage.BoardTest.testGetNeighbors(BoardTest.kt:194)
]]></error>
  </testcase>
</testsuite>